ignoring non-requested file relval_standard
ignoring non-requested file relval_highstats
ignoring non-requested file relval_pileup
ignoring non-requested file relval_generator
ignoring non-requested file relval_extendedgen
ignoring non-requested file relval_production
ignoring non-requested file relval_ged
processing relval_upgrade
request for INPUT for  ['all']
ignoring non-requested file relval_2017
ignoring non-requested file relval_2026
ignoring non-requested file relval_identity
ignoring non-requested file relval_machine
ignoring non-requested file relval_premix
Not running the wf, only creating cfgs and logs
resetting to default number of process threads = 4
Running up to 4 concurrent jobs, each with 4 threads per process

Preparing to run 11024.0 TTbar_13+2018PU+TTbar_13TeV_TuneCUETP8M1_GenSimINPUT+DigiPU+RecoPU+HARVESTPU+Nano
cleaning up  11024.0_TTbar_13+2018PU+TTbar_13TeV_TuneCUETP8M1_GenSimINPUT+DigiPU+RecoPU+HARVESTPU+Nano  in  /afs/cern.ch/work/c/chayanit/public/RelValidations/PDMVRELVALS-94/CMSSW_11_2_0_pre6/src/PU

# in: /afs/cern.ch/work/c/chayanit/public/RelValidations/PDMVRELVALS-94/CMSSW_11_2_0_pre6/src/PU going to execute cd 11024.0_TTbar_13+2018PU+TTbar_13TeV_TuneCUETP8M1_GenSimINPUT+DigiPU+RecoPU+HARVESTPU+Nano
 dasgoclient --limit 0 --query 'file dataset=/RelValTTbar_13/CMSSW_11_2_0_pre6-112X_upgrade2018_realistic_v3-v1/GEN-SIM ' | sort -u > step1_dasquery.log  2>&1
 
---

# in: /afs/cern.ch/work/c/chayanit/public/RelValidations/PDMVRELVALS-94/CMSSW_11_2_0_pre6/src/PU going to execute cd 11024.0_TTbar_13+2018PU+TTbar_13TeV_TuneCUETP8M1_GenSimINPUT+DigiPU+RecoPU+HARVESTPU+Nano
 cmsDriver.py step2  --conditions auto:phase1_2018_realistic --pileup_input das:/RelValMinBias_13/CMSSW_11_2_0_pre6-112X_upgrade2018_realistic_v3-v1/GEN-SIM -n 10 --era Run2_2018 --eventcontent FEVTDEBUGHLT -s DIGI:pdigi_valid,L1,DIGI2RAW,HLT:@relval2018 --datatier GEN-SIM-DIGI-RAW --pileup 2018_25ns_UltraLegacy_PoissonOOTPU --geometry DB:Extended --io DigiPU_2018PU.io --python DigiPU_2018PU.py --no_exec --filein filelist:step1_dasquery.log --fileout file:step2.root  --nThreads 4 > step2_TTbar_13+2018PU+TTbar_13TeV_TuneCUETP8M1_GenSimINPUT+DigiPU+RecoPU+HARVESTPU+Nano.log  2>&1
 

Preparing to run 11026.0 QCD_Pt_600_800_13+2018PU+QCD_Pt_600_800_13TeV_TuneCUETP8M1_GenSimINPUT+DigiPU+RecoPU+HARVESTPU+Nano
cleaning up  11026.0_QCD_Pt_600_800_13+2018PU+QCD_Pt_600_800_13TeV_TuneCUETP8M1_GenSimINPUT+DigiPU+RecoPU+HARVESTPU+Nano  in  /afs/cern.ch/work/c/chayanit/public/RelValidations/PDMVRELVALS-94/CMSSW_11_2_0_pre6/src/PU

# in: /afs/cern.ch/work/c/chayanit/public/RelValidations/PDMVRELVALS-94/CMSSW_11_2_0_pre6/src/PU going to execute cd 11026.0_QCD_Pt_600_800_13+2018PU+QCD_Pt_600_800_13TeV_TuneCUETP8M1_GenSimINPUT+DigiPU+RecoPU+HARVESTPU+Nano
 dasgoclient --limit 0 --query 'file dataset=/RelValQCD_Pt_600_800_13/CMSSW_11_2_0_pre6-112X_upgrade2018_realistic_v3-v1/GEN-SIM ' | sort -u > step1_dasquery.log  2>&1
 
---

# in: /afs/cern.ch/work/c/chayanit/public/RelValidations/PDMVRELVALS-94/CMSSW_11_2_0_pre6/src/PU going to execute cd 11026.0_QCD_Pt_600_800_13+2018PU+QCD_Pt_600_800_13TeV_TuneCUETP8M1_GenSimINPUT+DigiPU+RecoPU+HARVESTPU+Nano
 cmsDriver.py step2  --conditions auto:phase1_2018_realistic --pileup_input das:/RelValMinBias_13/CMSSW_11_2_0_pre6-112X_upgrade2018_realistic_v3-v1/GEN-SIM -n 10 --era Run2_2018 --eventcontent FEVTDEBUGHLT -s DIGI:pdigi_valid,L1,DIGI2RAW,HLT:@relval2018 --datatier GEN-SIM-DIGI-RAW --pileup 2018_25ns_UltraLegacy_PoissonOOTPU --geometry DB:Extended --io DigiPU_2018PU.io --python DigiPU_2018PU.py --no_exec --filein filelist:step1_dasquery.log --fileout file:step2.root  --nThreads 4 > step2_QCD_Pt_600_800_13+2018PU+QCD_Pt_600_800_13TeV_TuneCUETP8M1_GenSimINPUT+DigiPU+RecoPU+HARVESTPU+Nano.log  2>&1
 

Preparing to run 11059.0 QCD_Pt_3000_3500_13+2018PU+QCD_Pt_3000_3500_13TeV_TuneCUETP8M1_GenSimINPUT+DigiPU+RecoPU+HARVESTPU+Nano
cleaning up  11059.0_QCD_Pt_3000_3500_13+2018PU+QCD_Pt_3000_3500_13TeV_TuneCUETP8M1_GenSimINPUT+DigiPU+RecoPU+HARVESTPU+Nano  in  /afs/cern.ch/work/c/chayanit/public/RelValidations/PDMVRELVALS-94/CMSSW_11_2_0_pre6/src/PU

# in: /afs/cern.ch/work/c/chayanit/public/RelValidations/PDMVRELVALS-94/CMSSW_11_2_0_pre6/src/PU going to execute cd 11059.0_QCD_Pt_3000_3500_13+2018PU+QCD_Pt_3000_3500_13TeV_TuneCUETP8M1_GenSimINPUT+DigiPU+RecoPU+HARVESTPU+Nano
 dasgoclient --limit 0 --query 'file dataset=/RelValQCD_Pt_3000_3500_13/CMSSW_11_2_0_pre6-112X_upgrade2018_realistic_v3-v1/GEN-SIM ' | sort -u > step1_dasquery.log  2>&1
 
---

# in: /afs/cern.ch/work/c/chayanit/public/RelValidations/PDMVRELVALS-94/CMSSW_11_2_0_pre6/src/PU going to execute cd 11059.0_QCD_Pt_3000_3500_13+2018PU+QCD_Pt_3000_3500_13TeV_TuneCUETP8M1_GenSimINPUT+DigiPU+RecoPU+HARVESTPU+Nano
 cmsDriver.py step2  --conditions auto:phase1_2018_realistic --pileup_input das:/RelValMinBias_13/CMSSW_11_2_0_pre6-112X_upgrade2018_realistic_v3-v1/GEN-SIM -n 10 --era Run2_2018 --eventcontent FEVTDEBUGHLT -s DIGI:pdigi_valid,L1,DIGI2RAW,HLT:@relval2018 --datatier GEN-SIM-DIGI-RAW --pileup 2018_25ns_UltraLegacy_PoissonOOTPU --geometry DB:Extended --io DigiPU_2018PU.io --python DigiPU_2018PU.py --no_exec --filein filelist:step1_dasquery.log --fileout file:step2.root  --nThreads 4 > step2_QCD_Pt_3000_3500_13+2018PU+QCD_Pt_3000_3500_13TeV_TuneCUETP8M1_GenSimINPUT+DigiPU+RecoPU+HARVESTPU+Nano.log  2>&1
 

Preparing to run 11071.0 QCD_FlatPt_15_3000HS_13+2018PU+QCDForPF_13TeV_TuneCUETP8M1_GenSimINPUT+DigiPU+RecoPU+HARVESTPU+Nano
cleaning up  11071.0_QCD_FlatPt_15_3000HS_13+2018PU+QCDForPF_13TeV_TuneCUETP8M1_GenSimINPUT+DigiPU+RecoPU+HARVESTPU+Nano  in  /afs/cern.ch/work/c/chayanit/public/RelValidations/PDMVRELVALS-94/CMSSW_11_2_0_pre6/src/PU

# in: /afs/cern.ch/work/c/chayanit/public/RelValidations/PDMVRELVALS-94/CMSSW_11_2_0_pre6/src/PU going to execute cd 11071.0_QCD_FlatPt_15_3000HS_13+2018PU+QCDForPF_13TeV_TuneCUETP8M1_GenSimINPUT+DigiPU+RecoPU+HARVESTPU+Nano
 dasgoclient --limit 0 --query 'file dataset=/RelValQCD_FlatPt_15_3000HS_13/CMSSW_11_2_0_pre6-112X_upgrade2018_realistic_v3-v1/GEN-SIM ' | sort -u > step1_dasquery.log  2>&1
 
---

# in: /afs/cern.ch/work/c/chayanit/public/RelValidations/PDMVRELVALS-94/CMSSW_11_2_0_pre6/src/PU going to execute cd 11071.0_QCD_FlatPt_15_3000HS_13+2018PU+QCDForPF_13TeV_TuneCUETP8M1_GenSimINPUT+DigiPU+RecoPU+HARVESTPU+Nano
 cmsDriver.py step2  --conditions auto:phase1_2018_realistic --pileup_input das:/RelValMinBias_13/CMSSW_11_2_0_pre6-112X_upgrade2018_realistic_v3-v1/GEN-SIM -n 10 --era Run2_2018 --eventcontent FEVTDEBUGHLT -s DIGI:pdigi_valid,L1,DIGI2RAW,HLT:@relval2018 --datatier GEN-SIM-DIGI-RAW --pileup 2018_25ns_UltraLegacy_PoissonOOTPU --geometry DB:Extended --io DigiPU_2018PU.io --python DigiPU_2018PU.py --no_exec --filein filelist:step1_dasquery.log --fileout file:step2.root  --nThreads 4 > step2_QCD_FlatPt_15_3000HS_13+2018PU+QCDForPF_13TeV_TuneCUETP8M1_GenSimINPUT+DigiPU+RecoPU+HARVESTPU+Nano.log  2>&1
 

# in: /afs/cern.ch/work/c/chayanit/public/RelValidations/PDMVRELVALS-94/CMSSW_11_2_0_pre6/src/PU going to execute cd 11024.0_TTbar_13+2018PU+TTbar_13TeV_TuneCUETP8M1_GenSimINPUT+DigiPU+RecoPU+HARVESTPU+Nano
 cmsDriver.py step3  --conditions auto:phase1_2018_realistic --pileup_input das:/RelValMinBias_13/CMSSW_11_2_0_pre6-112X_upgrade2018_realistic_v3-v1/GEN-SIM -n 10 --era Run2_2018 --eventcontent RECOSIM,MINIAODSIM,DQM -s RAW2DIGI,L1Reco,RECO,RECOSIM,EI,PAT,VALIDATION:@standardValidation+@miniAODValidation,DQM:@standardDQM+@ExtraHLT+@miniAODDQM --datatier GEN-SIM-RECO,MINIAODSIM,DQMIO --pileup 2018_25ns_UltraLegacy_PoissonOOTPU --geometry DB:Extended --io RecoPU_2018PU.io --python RecoPU_2018PU.py --no_exec --filein  file:step2.root  --fileout file:step3.root  --nThreads 4 > step3_TTbar_13+2018PU+TTbar_13TeV_TuneCUETP8M1_GenSimINPUT+DigiPU+RecoPU+HARVESTPU+Nano.log  2>&1
 

# in: /afs/cern.ch/work/c/chayanit/public/RelValidations/PDMVRELVALS-94/CMSSW_11_2_0_pre6/src/PU going to execute cd 11026.0_QCD_Pt_600_800_13+2018PU+QCD_Pt_600_800_13TeV_TuneCUETP8M1_GenSimINPUT+DigiPU+RecoPU+HARVESTPU+Nano
 cmsDriver.py step3  --conditions auto:phase1_2018_realistic --pileup_input das:/RelValMinBias_13/CMSSW_11_2_0_pre6-112X_upgrade2018_realistic_v3-v1/GEN-SIM -n 10 --era Run2_2018 --eventcontent RECOSIM,MINIAODSIM,DQM -s RAW2DIGI,L1Reco,RECO,RECOSIM,EI,PAT,VALIDATION:@standardValidation+@miniAODValidation,DQM:@standardDQM+@ExtraHLT+@miniAODDQM --datatier GEN-SIM-RECO,MINIAODSIM,DQMIO --pileup 2018_25ns_UltraLegacy_PoissonOOTPU --geometry DB:Extended --io RecoPU_2018PU.io --python RecoPU_2018PU.py --no_exec --filein  file:step2.root  --fileout file:step3.root  --nThreads 4 > step3_QCD_Pt_600_800_13+2018PU+QCD_Pt_600_800_13TeV_TuneCUETP8M1_GenSimINPUT+DigiPU+RecoPU+HARVESTPU+Nano.log  2>&1
 

# in: /afs/cern.ch/work/c/chayanit/public/RelValidations/PDMVRELVALS-94/CMSSW_11_2_0_pre6/src/PU going to execute cd 11059.0_QCD_Pt_3000_3500_13+2018PU+QCD_Pt_3000_3500_13TeV_TuneCUETP8M1_GenSimINPUT+DigiPU+RecoPU+HARVESTPU+Nano
 cmsDriver.py step3  --conditions auto:phase1_2018_realistic --pileup_input das:/RelValMinBias_13/CMSSW_11_2_0_pre6-112X_upgrade2018_realistic_v3-v1/GEN-SIM -n 10 --era Run2_2018 --eventcontent RECOSIM,MINIAODSIM,DQM -s RAW2DIGI,L1Reco,RECO,RECOSIM,EI,PAT,VALIDATION:@standardValidation+@miniAODValidation,DQM:@standardDQM+@ExtraHLT+@miniAODDQM --datatier GEN-SIM-RECO,MINIAODSIM,DQMIO --pileup 2018_25ns_UltraLegacy_PoissonOOTPU --geometry DB:Extended --io RecoPU_2018PU.io --python RecoPU_2018PU.py --no_exec --filein  file:step2.root  --fileout file:step3.root  --nThreads 4 > step3_QCD_Pt_3000_3500_13+2018PU+QCD_Pt_3000_3500_13TeV_TuneCUETP8M1_GenSimINPUT+DigiPU+RecoPU+HARVESTPU+Nano.log  2>&1
 

# in: /afs/cern.ch/work/c/chayanit/public/RelValidations/PDMVRELVALS-94/CMSSW_11_2_0_pre6/src/PU going to execute cd 11071.0_QCD_FlatPt_15_3000HS_13+2018PU+QCDForPF_13TeV_TuneCUETP8M1_GenSimINPUT+DigiPU+RecoPU+HARVESTPU+Nano
 cmsDriver.py step3  --conditions auto:phase1_2018_realistic --pileup_input das:/RelValMinBias_13/CMSSW_11_2_0_pre6-112X_upgrade2018_realistic_v3-v1/GEN-SIM -n 10 --era Run2_2018 --eventcontent RECOSIM,MINIAODSIM,DQM -s RAW2DIGI,L1Reco,RECO,RECOSIM,EI,PAT,VALIDATION:@standardValidation+@miniAODValidation,DQM:@standardDQM+@ExtraHLT+@miniAODDQM --datatier GEN-SIM-RECO,MINIAODSIM,DQMIO --pileup 2018_25ns_UltraLegacy_PoissonOOTPU --geometry DB:Extended --io RecoPU_2018PU.io --python RecoPU_2018PU.py --no_exec --filein  file:step2.root  --fileout file:step3.root  --nThreads 4 > step3_QCD_FlatPt_15_3000HS_13+2018PU+QCDForPF_13TeV_TuneCUETP8M1_GenSimINPUT+DigiPU+RecoPU+HARVESTPU+Nano.log  2>&1
 

# in: /afs/cern.ch/work/c/chayanit/public/RelValidations/PDMVRELVALS-94/CMSSW_11_2_0_pre6/src/PU going to execute cd 11059.0_QCD_Pt_3000_3500_13+2018PU+QCD_Pt_3000_3500_13TeV_TuneCUETP8M1_GenSimINPUT+DigiPU+RecoPU+HARVESTPU+Nano
 cmsDriver.py step4  --conditions auto:phase1_2018_realistic -s HARVESTING:@standardValidation+@standardDQM+@ExtraHLT+@miniAODValidation+@miniAODDQM --pileup_input das:/RelValMinBias_13/CMSSW_11_2_0_pre6-112X_upgrade2018_realistic_v3-v1/GEN-SIM -n 10 --era Run2_2018 --scenario pp --pileup 2018_25ns_UltraLegacy_PoissonOOTPU --filetype DQM --geometry DB:Extended --mc  --io HARVESTPU_2018PU.io --python HARVESTPU_2018PU.py --no_exec --filein file:step3_inDQM.root --fileout file:step4.root  > step4_QCD_Pt_3000_3500_13+2018PU+QCD_Pt_3000_3500_13TeV_TuneCUETP8M1_GenSimINPUT+DigiPU+RecoPU+HARVESTPU+Nano.log  2>&1
 

# in: /afs/cern.ch/work/c/chayanit/public/RelValidations/PDMVRELVALS-94/CMSSW_11_2_0_pre6/src/PU going to execute cd 11071.0_QCD_FlatPt_15_3000HS_13+2018PU+QCDForPF_13TeV_TuneCUETP8M1_GenSimINPUT+DigiPU+RecoPU+HARVESTPU+Nano
 cmsDriver.py step4  --conditions auto:phase1_2018_realistic -s HARVESTING:@standardValidation+@standardDQM+@ExtraHLT+@miniAODValidation+@miniAODDQM --pileup_input das:/RelValMinBias_13/CMSSW_11_2_0_pre6-112X_upgrade2018_realistic_v3-v1/GEN-SIM -n 10 --era Run2_2018 --scenario pp --pileup 2018_25ns_UltraLegacy_PoissonOOTPU --filetype DQM --geometry DB:Extended --mc  --io HARVESTPU_2018PU.io --python HARVESTPU_2018PU.py --no_exec --filein file:step3_inDQM.root --fileout file:step4.root  > step4_QCD_FlatPt_15_3000HS_13+2018PU+QCDForPF_13TeV_TuneCUETP8M1_GenSimINPUT+DigiPU+RecoPU+HARVESTPU+Nano.log  2>&1
 

# in: /afs/cern.ch/work/c/chayanit/public/RelValidations/PDMVRELVALS-94/CMSSW_11_2_0_pre6/src/PU going to execute cd 11024.0_TTbar_13+2018PU+TTbar_13TeV_TuneCUETP8M1_GenSimINPUT+DigiPU+RecoPU+HARVESTPU+Nano
 cmsDriver.py step4  --conditions auto:phase1_2018_realistic -s HARVESTING:@standardValidation+@standardDQM+@ExtraHLT+@miniAODValidation+@miniAODDQM --pileup_input das:/RelValMinBias_13/CMSSW_11_2_0_pre6-112X_upgrade2018_realistic_v3-v1/GEN-SIM -n 10 --era Run2_2018 --scenario pp --pileup 2018_25ns_UltraLegacy_PoissonOOTPU --filetype DQM --geometry DB:Extended --mc  --io HARVESTPU_2018PU.io --python HARVESTPU_2018PU.py --no_exec --filein file:step3_inDQM.root --fileout file:step4.root  > step4_TTbar_13+2018PU+TTbar_13TeV_TuneCUETP8M1_GenSimINPUT+DigiPU+RecoPU+HARVESTPU+Nano.log  2>&1
 

# in: /afs/cern.ch/work/c/chayanit/public/RelValidations/PDMVRELVALS-94/CMSSW_11_2_0_pre6/src/PU going to execute cd 11026.0_QCD_Pt_600_800_13+2018PU+QCD_Pt_600_800_13TeV_TuneCUETP8M1_GenSimINPUT+DigiPU+RecoPU+HARVESTPU+Nano
 cmsDriver.py step4  --conditions auto:phase1_2018_realistic -s HARVESTING:@standardValidation+@standardDQM+@ExtraHLT+@miniAODValidation+@miniAODDQM --pileup_input das:/RelValMinBias_13/CMSSW_11_2_0_pre6-112X_upgrade2018_realistic_v3-v1/GEN-SIM -n 10 --era Run2_2018 --scenario pp --pileup 2018_25ns_UltraLegacy_PoissonOOTPU --filetype DQM --geometry DB:Extended --mc  --io HARVESTPU_2018PU.io --python HARVESTPU_2018PU.py --no_exec --filein file:step3_inDQM.root --fileout file:step4.root  > step4_QCD_Pt_600_800_13+2018PU+QCD_Pt_600_800_13TeV_TuneCUETP8M1_GenSimINPUT+DigiPU+RecoPU+HARVESTPU+Nano.log  2>&1
 

# in: /afs/cern.ch/work/c/chayanit/public/RelValidations/PDMVRELVALS-94/CMSSW_11_2_0_pre6/src/PU going to execute cd 11024.0_TTbar_13+2018PU+TTbar_13TeV_TuneCUETP8M1_GenSimINPUT+DigiPU+RecoPU+HARVESTPU+Nano
 cmsDriver.py step5  --conditions auto:phase1_2018_realistic -n 10 --era Run2_2018 --eventcontent NANOEDMAODSIM --filein file:step3_inMINIAODSIM.root -s NANO --datatier NANOAODSIM --geometry DB:Extended --io Nano_2018PU.io --python Nano_2018PU.py --no_exec --fileout file:step5.root  --nThreads 4 > step5_TTbar_13+2018PU+TTbar_13TeV_TuneCUETP8M1_GenSimINPUT+DigiPU+RecoPU+HARVESTPU+Nano.log  2>&1
 

# in: /afs/cern.ch/work/c/chayanit/public/RelValidations/PDMVRELVALS-94/CMSSW_11_2_0_pre6/src/PU going to execute cd 11059.0_QCD_Pt_3000_3500_13+2018PU+QCD_Pt_3000_3500_13TeV_TuneCUETP8M1_GenSimINPUT+DigiPU+RecoPU+HARVESTPU+Nano
 cmsDriver.py step5  --conditions auto:phase1_2018_realistic -n 10 --era Run2_2018 --eventcontent NANOEDMAODSIM --filein file:step3_inMINIAODSIM.root -s NANO --datatier NANOAODSIM --geometry DB:Extended --io Nano_2018PU.io --python Nano_2018PU.py --no_exec --fileout file:step5.root  --nThreads 4 > step5_QCD_Pt_3000_3500_13+2018PU+QCD_Pt_3000_3500_13TeV_TuneCUETP8M1_GenSimINPUT+DigiPU+RecoPU+HARVESTPU+Nano.log  2>&1
 

# in: /afs/cern.ch/work/c/chayanit/public/RelValidations/PDMVRELVALS-94/CMSSW_11_2_0_pre6/src/PU going to execute cd 11071.0_QCD_FlatPt_15_3000HS_13+2018PU+QCDForPF_13TeV_TuneCUETP8M1_GenSimINPUT+DigiPU+RecoPU+HARVESTPU+Nano
 cmsDriver.py step5  --conditions auto:phase1_2018_realistic -n 10 --era Run2_2018 --eventcontent NANOEDMAODSIM --filein file:step3_inMINIAODSIM.root -s NANO --datatier NANOAODSIM --geometry DB:Extended --io Nano_2018PU.io --python Nano_2018PU.py --no_exec --fileout file:step5.root  --nThreads 4 > step5_QCD_FlatPt_15_3000HS_13+2018PU+QCDForPF_13TeV_TuneCUETP8M1_GenSimINPUT+DigiPU+RecoPU+HARVESTPU+Nano.log  2>&1
 

# in: /afs/cern.ch/work/c/chayanit/public/RelValidations/PDMVRELVALS-94/CMSSW_11_2_0_pre6/src/PU going to execute cd 11026.0_QCD_Pt_600_800_13+2018PU+QCD_Pt_600_800_13TeV_TuneCUETP8M1_GenSimINPUT+DigiPU+RecoPU+HARVESTPU+Nano
 cmsDriver.py step5  --conditions auto:phase1_2018_realistic -n 10 --era Run2_2018 --eventcontent NANOEDMAODSIM --filein file:step3_inMINIAODSIM.root -s NANO --datatier NANOAODSIM --geometry DB:Extended --io Nano_2018PU.io --python Nano_2018PU.py --no_exec --fileout file:step5.root  --nThreads 4 > step5_QCD_Pt_600_800_13+2018PU+QCD_Pt_600_800_13TeV_TuneCUETP8M1_GenSimINPUT+DigiPU+RecoPU+HARVESTPU+Nano.log  2>&1
 

Preparing to run 11124.0 QCD_Pt_1800_2400_13+2018PU+QCD_Pt_1800_2400_13TeV_TuneCP5_GenSimINPUT+DigiPU+RecoPU+HARVESTPU+Nano
cleaning up  11124.0_QCD_Pt_1800_2400_13+2018PU+QCD_Pt_1800_2400_13TeV_TuneCP5_GenSimINPUT+DigiPU+RecoPU+HARVESTPU+Nano  in  /afs/cern.ch/work/c/chayanit/public/RelValidations/PDMVRELVALS-94/CMSSW_11_2_0_pre6/src/PU

# in: /afs/cern.ch/work/c/chayanit/public/RelValidations/PDMVRELVALS-94/CMSSW_11_2_0_pre6/src/PU going to execute cd 11124.0_QCD_Pt_1800_2400_13+2018PU+QCD_Pt_1800_2400_13TeV_TuneCP5_GenSimINPUT+DigiPU+RecoPU+HARVESTPU+Nano
 dasgoclient --limit 0 --query 'file dataset=/RelValQCD_Pt_1800_2400_13/CMSSW_11_2_0_pre6-112X_upgrade2018_realistic_v3-v1/GEN-SIM ' | sort -u > step1_dasquery.log  2>&1
 
---

# in: /afs/cern.ch/work/c/chayanit/public/RelValidations/PDMVRELVALS-94/CMSSW_11_2_0_pre6/src/PU going to execute cd 11124.0_QCD_Pt_1800_2400_13+2018PU+QCD_Pt_1800_2400_13TeV_TuneCP5_GenSimINPUT+DigiPU+RecoPU+HARVESTPU+Nano
 cmsDriver.py step2  --conditions auto:phase1_2018_realistic --pileup_input das:/RelValMinBias_13/CMSSW_11_2_0_pre6-112X_upgrade2018_realistic_v3-v1/GEN-SIM -n 10 --era Run2_2018 --eventcontent FEVTDEBUGHLT -s DIGI:pdigi_valid,L1,DIGI2RAW,HLT:@relval2018 --datatier GEN-SIM-DIGI-RAW --pileup 2018_25ns_UltraLegacy_PoissonOOTPU --geometry DB:Extended --io DigiPU_2018PU.io --python DigiPU_2018PU.py --no_exec --filein filelist:step1_dasquery.log --fileout file:step2.root  --nThreads 4 > step2_QCD_Pt_1800_2400_13+2018PU+QCD_Pt_1800_2400_13TeV_TuneCP5_GenSimINPUT+DigiPU+RecoPU+HARVESTPU+Nano.log  2>&1
 

# in: /afs/cern.ch/work/c/chayanit/public/RelValidations/PDMVRELVALS-94/CMSSW_11_2_0_pre6/src/PU going to execute cd 11124.0_QCD_Pt_1800_2400_13+2018PU+QCD_Pt_1800_2400_13TeV_TuneCP5_GenSimINPUT+DigiPU+RecoPU+HARVESTPU+Nano
 cmsDriver.py step3  --conditions auto:phase1_2018_realistic --pileup_input das:/RelValMinBias_13/CMSSW_11_2_0_pre6-112X_upgrade2018_realistic_v3-v1/GEN-SIM -n 10 --era Run2_2018 --eventcontent RECOSIM,MINIAODSIM,DQM -s RAW2DIGI,L1Reco,RECO,RECOSIM,EI,PAT,VALIDATION:@standardValidation+@miniAODValidation,DQM:@standardDQM+@ExtraHLT+@miniAODDQM --datatier GEN-SIM-RECO,MINIAODSIM,DQMIO --pileup 2018_25ns_UltraLegacy_PoissonOOTPU --geometry DB:Extended --io RecoPU_2018PU.io --python RecoPU_2018PU.py --no_exec --filein  file:step2.root  --fileout file:step3.root  --nThreads 4 > step3_QCD_Pt_1800_2400_13+2018PU+QCD_Pt_1800_2400_13TeV_TuneCP5_GenSimINPUT+DigiPU+RecoPU+HARVESTPU+Nano.log  2>&1
 

# in: /afs/cern.ch/work/c/chayanit/public/RelValidations/PDMVRELVALS-94/CMSSW_11_2_0_pre6/src/PU going to execute cd 11124.0_QCD_Pt_1800_2400_13+2018PU+QCD_Pt_1800_2400_13TeV_TuneCP5_GenSimINPUT+DigiPU+RecoPU+HARVESTPU+Nano
 cmsDriver.py step4  --conditions auto:phase1_2018_realistic -s HARVESTING:@standardValidation+@standardDQM+@ExtraHLT+@miniAODValidation+@miniAODDQM --pileup_input das:/RelValMinBias_13/CMSSW_11_2_0_pre6-112X_upgrade2018_realistic_v3-v1/GEN-SIM -n 10 --era Run2_2018 --scenario pp --pileup 2018_25ns_UltraLegacy_PoissonOOTPU --filetype DQM --geometry DB:Extended --mc  --io HARVESTPU_2018PU.io --python HARVESTPU_2018PU.py --no_exec --filein file:step3_inDQM.root --fileout file:step4.root  > step4_QCD_Pt_1800_2400_13+2018PU+QCD_Pt_1800_2400_13TeV_TuneCP5_GenSimINPUT+DigiPU+RecoPU+HARVESTPU+Nano.log  2>&1
 

# in: /afs/cern.ch/work/c/chayanit/public/RelValidations/PDMVRELVALS-94/CMSSW_11_2_0_pre6/src/PU going to execute cd 11124.0_QCD_Pt_1800_2400_13+2018PU+QCD_Pt_1800_2400_13TeV_TuneCP5_GenSimINPUT+DigiPU+RecoPU+HARVESTPU+Nano
 cmsDriver.py step5  --conditions auto:phase1_2018_realistic -n 10 --era Run2_2018 --eventcontent NANOEDMAODSIM --filein file:step3_inMINIAODSIM.root -s NANO --datatier NANOAODSIM --geometry DB:Extended --io Nano_2018PU.io --python Nano_2018PU.py --no_exec --fileout file:step5.root  --nThreads 4 > step5_QCD_Pt_1800_2400_13+2018PU+QCD_Pt_1800_2400_13TeV_TuneCP5_GenSimINPUT+DigiPU+RecoPU+HARVESTPU+Nano.log  2>&1
 
11024.0_TTbar_13+2018PU+TTbar_13TeV_TuneCUETP8M1_GenSimINPUT+DigiPU+RecoPU+HARVESTPU+Nano Step0-PASSED Step1-PASSED Step2-PASSED Step3-PASSED Step4-PASSED  - time date Sun Sep 27 10:30:18 2020-date Sun Sep 27 10:29:08 2020; exit: 0 0 0 0 0
11026.0_QCD_Pt_600_800_13+2018PU+QCD_Pt_600_800_13TeV_TuneCUETP8M1_GenSimINPUT+DigiPU+RecoPU+HARVESTPU+Nano Step0-PASSED Step1-PASSED Step2-PASSED Step3-PASSED Step4-PASSED  - time date Sun Sep 27 10:30:18 2020-date Sun Sep 27 10:29:08 2020; exit: 0 0 0 0 0
11059.0_QCD_Pt_3000_3500_13+2018PU+QCD_Pt_3000_3500_13TeV_TuneCUETP8M1_GenSimINPUT+DigiPU+RecoPU+HARVESTPU+Nano Step0-PASSED Step1-PASSED Step2-PASSED Step3-PASSED Step4-PASSED  - time date Sun Sep 27 10:30:18 2020-date Sun Sep 27 10:29:09 2020; exit: 0 0 0 0 0
11071.0_QCD_FlatPt_15_3000HS_13+2018PU+QCDForPF_13TeV_TuneCUETP8M1_GenSimINPUT+DigiPU+RecoPU+HARVESTPU+Nano Step0-PASSED Step1-PASSED Step2-PASSED Step3-PASSED Step4-PASSED  - time date Sun Sep 27 10:30:18 2020-date Sun Sep 27 10:29:09 2020; exit: 0 0 0 0 0
11124.0_QCD_Pt_1800_2400_13+2018PU+QCD_Pt_1800_2400_13TeV_TuneCP5_GenSimINPUT+DigiPU+RecoPU+HARVESTPU+Nano Step0-PASSED Step1-PASSED Step2-PASSED Step3-PASSED Step4-PASSED  - time date Sun Sep 27 10:31:28 2020-date Sun Sep 27 10:30:19 2020; exit: 0 0 0 0 0
5 5 5 5 5 tests passed, 0 0 0 0 0 failed


	Found wmclient

inspecting 11024.0_TTbar_13+2018PU+TTbar_13TeV_TuneCUETP8M1_GenSimINPUT+DigiPU+RecoPU+HARVESTPU+Nano
inspecting 11026.0_QCD_Pt_600_800_13+2018PU+QCD_Pt_600_800_13TeV_TuneCUETP8M1_GenSimINPUT+DigiPU+RecoPU+HARVESTPU+Nano
inspecting 11059.0_QCD_Pt_3000_3500_13+2018PU+QCD_Pt_3000_3500_13TeV_TuneCUETP8M1_GenSimINPUT+DigiPU+RecoPU+HARVESTPU+Nano
inspecting 11124.0_QCD_Pt_1800_2400_13+2018PU+QCD_Pt_1800_2400_13TeV_TuneCP5_GenSimINPUT+DigiPU+RecoPU+HARVESTPU+Nano
inspecting 11071.0_QCD_FlatPt_15_3000HS_13+2018PU+QCDForPF_13TeV_TuneCUETP8M1_GenSimINPUT+DigiPU+RecoPU+HARVESTPU+Nano
	Fake upload of 11024.0_TTbar_13+2018PU+TTbar_13TeV_TuneCUETP8M1_GenSimINPUT+DigiPU+RecoPU+HARVESTPU+Nano/HARVESTPU_2018PU.py to couch with label RelValSet_CMSSW_11_2_0_pre6_v1_11024.0harvesting
11024.0_TTbar_13+2018PU+TTbar_13TeV_TuneCUETP8M1_GenSimINPUT+DigiPU+RecoPU+HARVESTPU+Nano/HARVESTPU_2018PU.py uploaded to couchDB for 11024.0 with ID 1041
	Fake upload of 11024.0_TTbar_13+2018PU+TTbar_13TeV_TuneCUETP8M1_GenSimINPUT+DigiPU+RecoPU+HARVESTPU+Nano/Nano_2018PU.py to couch with label RelValSet_CMSSW_11_2_0_pre6_v1_11024.0Nano_2018PU
11024.0_TTbar_13+2018PU+TTbar_13TeV_TuneCUETP8M1_GenSimINPUT+DigiPU+RecoPU+HARVESTPU+Nano/Nano_2018PU.py  uploaded to couchDB for 11024.0 with ID 1042
	Fake upload of 11024.0_TTbar_13+2018PU+TTbar_13TeV_TuneCUETP8M1_GenSimINPUT+DigiPU+RecoPU+HARVESTPU+Nano/DigiPU_2018PU.py to couch with label RelValSet_CMSSW_11_2_0_pre6_v1_11024.0DigiPU_2018PU
11024.0_TTbar_13+2018PU+TTbar_13TeV_TuneCUETP8M1_GenSimINPUT+DigiPU+RecoPU+HARVESTPU+Nano/DigiPU_2018PU.py  uploaded to couchDB for 11024.0 with ID 1043
	Fake upload of 11024.0_TTbar_13+2018PU+TTbar_13TeV_TuneCUETP8M1_GenSimINPUT+DigiPU+RecoPU+HARVESTPU+Nano/RecoPU_2018PU.py to couch with label RelValSet_CMSSW_11_2_0_pre6_v1_11024.0RecoPU_2018PU
11024.0_TTbar_13+2018PU+TTbar_13TeV_TuneCUETP8M1_GenSimINPUT+DigiPU+RecoPU+HARVESTPU+Nano/RecoPU_2018PU.py  uploaded to couchDB for 11024.0 with ID 1044
	Fake upload of 11026.0_QCD_Pt_600_800_13+2018PU+QCD_Pt_600_800_13TeV_TuneCUETP8M1_GenSimINPUT+DigiPU+RecoPU+HARVESTPU+Nano/HARVESTPU_2018PU.py to couch with label RelValSet_CMSSW_11_2_0_pre6_v1_11026.0harvesting
11026.0_QCD_Pt_600_800_13+2018PU+QCD_Pt_600_800_13TeV_TuneCUETP8M1_GenSimINPUT+DigiPU+RecoPU+HARVESTPU+Nano/HARVESTPU_2018PU.py uploaded to couchDB for 11026.0 with ID 1045
	Fake upload of 11026.0_QCD_Pt_600_800_13+2018PU+QCD_Pt_600_800_13TeV_TuneCUETP8M1_GenSimINPUT+DigiPU+RecoPU+HARVESTPU+Nano/Nano_2018PU.py to couch with label RelValSet_CMSSW_11_2_0_pre6_v1_11026.0Nano_2018PU
11026.0_QCD_Pt_600_800_13+2018PU+QCD_Pt_600_800_13TeV_TuneCUETP8M1_GenSimINPUT+DigiPU+RecoPU+HARVESTPU+Nano/Nano_2018PU.py  uploaded to couchDB for 11026.0 with ID 1046
	Fake upload of 11026.0_QCD_Pt_600_800_13+2018PU+QCD_Pt_600_800_13TeV_TuneCUETP8M1_GenSimINPUT+DigiPU+RecoPU+HARVESTPU+Nano/DigiPU_2018PU.py to couch with label RelValSet_CMSSW_11_2_0_pre6_v1_11026.0DigiPU_2018PU
11026.0_QCD_Pt_600_800_13+2018PU+QCD_Pt_600_800_13TeV_TuneCUETP8M1_GenSimINPUT+DigiPU+RecoPU+HARVESTPU+Nano/DigiPU_2018PU.py  uploaded to couchDB for 11026.0 with ID 1047
	Fake upload of 11026.0_QCD_Pt_600_800_13+2018PU+QCD_Pt_600_800_13TeV_TuneCUETP8M1_GenSimINPUT+DigiPU+RecoPU+HARVESTPU+Nano/RecoPU_2018PU.py to couch with label RelValSet_CMSSW_11_2_0_pre6_v1_11026.0RecoPU_2018PU
11026.0_QCD_Pt_600_800_13+2018PU+QCD_Pt_600_800_13TeV_TuneCUETP8M1_GenSimINPUT+DigiPU+RecoPU+HARVESTPU+Nano/RecoPU_2018PU.py  uploaded to couchDB for 11026.0 with ID 1048
	Fake upload of 11059.0_QCD_Pt_3000_3500_13+2018PU+QCD_Pt_3000_3500_13TeV_TuneCUETP8M1_GenSimINPUT+DigiPU+RecoPU+HARVESTPU+Nano/HARVESTPU_2018PU.py to couch with label RelValSet_CMSSW_11_2_0_pre6_v1_11059.0harvesting
11059.0_QCD_Pt_3000_3500_13+2018PU+QCD_Pt_3000_3500_13TeV_TuneCUETP8M1_GenSimINPUT+DigiPU+RecoPU+HARVESTPU+Nano/HARVESTPU_2018PU.py uploaded to couchDB for 11059.0 with ID 1049
	Fake upload of 11059.0_QCD_Pt_3000_3500_13+2018PU+QCD_Pt_3000_3500_13TeV_TuneCUETP8M1_GenSimINPUT+DigiPU+RecoPU+HARVESTPU+Nano/Nano_2018PU.py to couch with label RelValSet_CMSSW_11_2_0_pre6_v1_11059.0Nano_2018PU
11059.0_QCD_Pt_3000_3500_13+2018PU+QCD_Pt_3000_3500_13TeV_TuneCUETP8M1_GenSimINPUT+DigiPU+RecoPU+HARVESTPU+Nano/Nano_2018PU.py  uploaded to couchDB for 11059.0 with ID 1050
	Fake upload of 11059.0_QCD_Pt_3000_3500_13+2018PU+QCD_Pt_3000_3500_13TeV_TuneCUETP8M1_GenSimINPUT+DigiPU+RecoPU+HARVESTPU+Nano/DigiPU_2018PU.py to couch with label RelValSet_CMSSW_11_2_0_pre6_v1_11059.0DigiPU_2018PU
11059.0_QCD_Pt_3000_3500_13+2018PU+QCD_Pt_3000_3500_13TeV_TuneCUETP8M1_GenSimINPUT+DigiPU+RecoPU+HARVESTPU+Nano/DigiPU_2018PU.py  uploaded to couchDB for 11059.0 with ID 1051
	Fake upload of 11059.0_QCD_Pt_3000_3500_13+2018PU+QCD_Pt_3000_3500_13TeV_TuneCUETP8M1_GenSimINPUT+DigiPU+RecoPU+HARVESTPU+Nano/RecoPU_2018PU.py to couch with label RelValSet_CMSSW_11_2_0_pre6_v1_11059.0RecoPU_2018PU
11059.0_QCD_Pt_3000_3500_13+2018PU+QCD_Pt_3000_3500_13TeV_TuneCUETP8M1_GenSimINPUT+DigiPU+RecoPU+HARVESTPU+Nano/RecoPU_2018PU.py  uploaded to couchDB for 11059.0 with ID 1052
	Fake upload of 11124.0_QCD_Pt_1800_2400_13+2018PU+QCD_Pt_1800_2400_13TeV_TuneCP5_GenSimINPUT+DigiPU+RecoPU+HARVESTPU+Nano/HARVESTPU_2018PU.py to couch with label RelValSet_CMSSW_11_2_0_pre6_v1_11124.0harvesting
11124.0_QCD_Pt_1800_2400_13+2018PU+QCD_Pt_1800_2400_13TeV_TuneCP5_GenSimINPUT+DigiPU+RecoPU+HARVESTPU+Nano/HARVESTPU_2018PU.py uploaded to couchDB for 11124.0 with ID 1053
	Fake upload of 11124.0_QCD_Pt_1800_2400_13+2018PU+QCD_Pt_1800_2400_13TeV_TuneCP5_GenSimINPUT+DigiPU+RecoPU+HARVESTPU+Nano/Nano_2018PU.py to couch with label RelValSet_CMSSW_11_2_0_pre6_v1_11124.0Nano_2018PU
11124.0_QCD_Pt_1800_2400_13+2018PU+QCD_Pt_1800_2400_13TeV_TuneCP5_GenSimINPUT+DigiPU+RecoPU+HARVESTPU+Nano/Nano_2018PU.py  uploaded to couchDB for 11124.0 with ID 1054
	Fake upload of 11124.0_QCD_Pt_1800_2400_13+2018PU+QCD_Pt_1800_2400_13TeV_TuneCP5_GenSimINPUT+DigiPU+RecoPU+HARVESTPU+Nano/DigiPU_2018PU.py to couch with label RelValSet_CMSSW_11_2_0_pre6_v1_11124.0DigiPU_2018PU
11124.0_QCD_Pt_1800_2400_13+2018PU+QCD_Pt_1800_2400_13TeV_TuneCP5_GenSimINPUT+DigiPU+RecoPU+HARVESTPU+Nano/DigiPU_2018PU.py  uploaded to couchDB for 11124.0 with ID 1055
	Fake upload of 11124.0_QCD_Pt_1800_2400_13+2018PU+QCD_Pt_1800_2400_13TeV_TuneCP5_GenSimINPUT+DigiPU+RecoPU+HARVESTPU+Nano/RecoPU_2018PU.py to couch with label RelValSet_CMSSW_11_2_0_pre6_v1_11124.0RecoPU_2018PU
11124.0_QCD_Pt_1800_2400_13+2018PU+QCD_Pt_1800_2400_13TeV_TuneCP5_GenSimINPUT+DigiPU+RecoPU+HARVESTPU+Nano/RecoPU_2018PU.py  uploaded to couchDB for 11124.0 with ID 1056
	Fake upload of 11071.0_QCD_FlatPt_15_3000HS_13+2018PU+QCDForPF_13TeV_TuneCUETP8M1_GenSimINPUT+DigiPU+RecoPU+HARVESTPU+Nano/HARVESTPU_2018PU.py to couch with label RelValSet_CMSSW_11_2_0_pre6_v1_11071.0harvesting
11071.0_QCD_FlatPt_15_3000HS_13+2018PU+QCDForPF_13TeV_TuneCUETP8M1_GenSimINPUT+DigiPU+RecoPU+HARVESTPU+Nano/HARVESTPU_2018PU.py uploaded to couchDB for 11071.0 with ID 1057
	Fake upload of 11071.0_QCD_FlatPt_15_3000HS_13+2018PU+QCDForPF_13TeV_TuneCUETP8M1_GenSimINPUT+DigiPU+RecoPU+HARVESTPU+Nano/Nano_2018PU.py to couch with label RelValSet_CMSSW_11_2_0_pre6_v1_11071.0Nano_2018PU
11071.0_QCD_FlatPt_15_3000HS_13+2018PU+QCDForPF_13TeV_TuneCUETP8M1_GenSimINPUT+DigiPU+RecoPU+HARVESTPU+Nano/Nano_2018PU.py  uploaded to couchDB for 11071.0 with ID 1058
	Fake upload of 11071.0_QCD_FlatPt_15_3000HS_13+2018PU+QCDForPF_13TeV_TuneCUETP8M1_GenSimINPUT+DigiPU+RecoPU+HARVESTPU+Nano/DigiPU_2018PU.py to couch with label RelValSet_CMSSW_11_2_0_pre6_v1_11071.0DigiPU_2018PU
11071.0_QCD_FlatPt_15_3000HS_13+2018PU+QCDForPF_13TeV_TuneCUETP8M1_GenSimINPUT+DigiPU+RecoPU+HARVESTPU+Nano/DigiPU_2018PU.py  uploaded to couchDB for 11071.0 with ID 1059
	Fake upload of 11071.0_QCD_FlatPt_15_3000HS_13+2018PU+QCDForPF_13TeV_TuneCUETP8M1_GenSimINPUT+DigiPU+RecoPU+HARVESTPU+Nano/RecoPU_2018PU.py to couch with label RelValSet_CMSSW_11_2_0_pre6_v1_11071.0RecoPU_2018PU
11071.0_QCD_FlatPt_15_3000HS_13+2018PU+QCDForPF_13TeV_TuneCUETP8M1_GenSimINPUT+DigiPU+RecoPU+HARVESTPU+Nano/RecoPU_2018PU.py  uploaded to couchDB for 11071.0 with ID 1060

	Found wmcontrol

Only viewing request 11024.0
{'AcquisitionEra': 'CMSSW_11_2_0_pre6',
 'CMSSWVersion': 'CMSSW_11_2_0_pre6',
 'Campaign': 'CMSSW_11_2_0_pre6__Fullsim_PU_2018_set1-1601195488',
 'ConfigCacheUrl': 'https://cmsweb.cern.ch/couchdb',
 'DQMConfigCacheID': 1041,
 'DQMUploadUrl': 'https://cmsweb.cern.ch/dqm/relval',
 'DbsUrl': 'https://cmsweb.cern.ch/dbs/prod/global/DBSReader',
 'EnableHarvesting': 'True',
 'GlobalTag': u'112X_upgrade2018_realistic_v3',
 'Group': 'ppd',
 'Memory': 3000,
 'Multicore': 1,
 'PrepID': 'CMSSW_11_2_0_pre6__Fullsim_PU_2018_set1-1601195488-TTbar_13',
 'ProcessingString': u'PU25ns_112X_upgrade2018_realistic_v3',
 'ProcessingVersion': 1,
 'RequestPriority': 500000,
 'RequestString': 'RVCMSSW_11_2_0_pre6TTbar_13_PU25ns_',
 'RequestType': 'TaskChain',
 'Requestor': 'chayanit',
 'ScramArch': 'slc7_amd64_gcc820',
 'SizePerEvent': 1234,
 'SubRequestType': 'RelVal',
 'Task1': {'AcquisitionEra': 'CMSSW_11_2_0_pre6',
           'Campaign': 'CMSSW_11_2_0_pre6__Fullsim_PU_2018_set1-1601195488',
           'ConfigCacheID': 1043,
           'EventStreams': 0,
           'GlobalTag': u'112X_upgrade2018_realistic_v3',
           'InputDataset': '/RelValTTbar_13/CMSSW_11_2_0_pre6-112X_upgrade2018_realistic_v3-v1/GEN-SIM',
           'KeepOutput': True,
           'LumisPerJob': 10,
           'MCPileup': u'/RelValMinBias_13/CMSSW_11_2_0_pre6-112X_upgrade2018_realistic_v3-v1/GEN-SIM',
           'Memory': 16000,
           'Multicore': 4,
           'ProcessingString': u'PU25ns_112X_upgrade2018_realistic_v3',
           'SplittingAlgo': 'LumiBased',
           'TaskName': 'DigiPU_2018PU'},
 'Task2': {'AcquisitionEra': 'CMSSW_11_2_0_pre6',
           'Campaign': 'CMSSW_11_2_0_pre6__Fullsim_PU_2018_set1-1601195488',
           'ConfigCacheID': 1044,
           'EventStreams': 0,
           'GlobalTag': u'112X_upgrade2018_realistic_v3',
           'InputFromOutputModule': u'FEVTDEBUGHLToutput',
           'InputTask': 'DigiPU_2018PU',
           'KeepOutput': True,
           'LumisPerJob': 10,
           'MCPileup': u'/RelValMinBias_13/CMSSW_11_2_0_pre6-112X_upgrade2018_realistic_v3-v1/GEN-SIM',
           'Memory': 16000,
           'Multicore': 4,
           'ProcessingString': u'PU25ns_112X_upgrade2018_realistic_v3',
           'SplittingAlgo': 'LumiBased',
           'TaskName': 'RecoPU_2018PU'},
 'Task3': {'AcquisitionEra': 'CMSSW_11_2_0_pre6',
           'Campaign': 'CMSSW_11_2_0_pre6__Fullsim_PU_2018_set1-1601195488',
           'ConfigCacheID': 1042,
           'EventStreams': 0,
           'GlobalTag': u'112X_upgrade2018_realistic_v3',
           'InputFromOutputModule': u'MINIAODSIMoutput',
           'InputTask': 'RecoPU_2018PU',
           'KeepOutput': True,
           'LumisPerJob': 10,
           'Memory': 16000,
           'Multicore': 4,
           'ProcessingString': u'PU25ns_112X_upgrade2018_realistic_v3',
           'SplittingAlgo': 'LumiBased',
           'TaskName': 'Nano_2018PU'},
 'TaskChain': 3,
 'TimePerEvent': 10}
None
Only viewing request 11026.0
{'AcquisitionEra': 'CMSSW_11_2_0_pre6',
 'CMSSWVersion': 'CMSSW_11_2_0_pre6',
 'Campaign': 'CMSSW_11_2_0_pre6__Fullsim_PU_2018_set1-1601195488',
 'ConfigCacheUrl': 'https://cmsweb.cern.ch/couchdb',
 'DQMConfigCacheID': 1045,
 'DQMUploadUrl': 'https://cmsweb.cern.ch/dqm/relval',
 'DbsUrl': 'https://cmsweb.cern.ch/dbs/prod/global/DBSReader',
 'EnableHarvesting': 'True',
 'GlobalTag': u'112X_upgrade2018_realistic_v3',
 'Group': 'ppd',
 'Memory': 3000,
 'Multicore': 1,
 'PrepID': 'CMSSW_11_2_0_pre6__Fullsim_PU_2018_set1-1601195488-QCD_Pt_600_800_13',
 'ProcessingString': u'PU25ns_112X_upgrade2018_realistic_v3',
 'ProcessingVersion': 1,
 'RequestPriority': 500000,
 'RequestString': 'RVCMSSW_11_2_0_pre6QCD_Pt_600_800_13_PU25ns_',
 'RequestType': 'TaskChain',
 'Requestor': 'chayanit',
 'ScramArch': 'slc7_amd64_gcc820',
 'SizePerEvent': 1234,
 'SubRequestType': 'RelVal',
 'Task1': {'AcquisitionEra': 'CMSSW_11_2_0_pre6',
           'Campaign': 'CMSSW_11_2_0_pre6__Fullsim_PU_2018_set1-1601195488',
           'ConfigCacheID': 1047,
           'EventStreams': 0,
           'GlobalTag': u'112X_upgrade2018_realistic_v3',
           'InputDataset': '/RelValQCD_Pt_600_800_13/CMSSW_11_2_0_pre6-112X_upgrade2018_realistic_v3-v1/GEN-SIM',
           'KeepOutput': True,
           'LumisPerJob': 10,
           'MCPileup': u'/RelValMinBias_13/CMSSW_11_2_0_pre6-112X_upgrade2018_realistic_v3-v1/GEN-SIM',
           'Memory': 16000,
           'Multicore': 4,
           'ProcessingString': u'PU25ns_112X_upgrade2018_realistic_v3',
           'SplittingAlgo': 'LumiBased',
           'TaskName': 'DigiPU_2018PU'},
 'Task2': {'AcquisitionEra': 'CMSSW_11_2_0_pre6',
           'Campaign': 'CMSSW_11_2_0_pre6__Fullsim_PU_2018_set1-1601195488',
           'ConfigCacheID': 1048,
           'EventStreams': 0,
           'GlobalTag': u'112X_upgrade2018_realistic_v3',
           'InputFromOutputModule': u'FEVTDEBUGHLToutput',
           'InputTask': 'DigiPU_2018PU',
           'KeepOutput': True,
           'LumisPerJob': 10,
           'MCPileup': u'/RelValMinBias_13/CMSSW_11_2_0_pre6-112X_upgrade2018_realistic_v3-v1/GEN-SIM',
           'Memory': 16000,
           'Multicore': 4,
           'ProcessingString': u'PU25ns_112X_upgrade2018_realistic_v3',
           'SplittingAlgo': 'LumiBased',
           'TaskName': 'RecoPU_2018PU'},
 'Task3': {'AcquisitionEra': 'CMSSW_11_2_0_pre6',
           'Campaign': 'CMSSW_11_2_0_pre6__Fullsim_PU_2018_set1-1601195488',
           'ConfigCacheID': 1046,
           'EventStreams': 0,
           'GlobalTag': u'112X_upgrade2018_realistic_v3',
           'InputFromOutputModule': u'MINIAODSIMoutput',
           'InputTask': 'RecoPU_2018PU',
           'KeepOutput': True,
           'LumisPerJob': 10,
           'Memory': 16000,
           'Multicore': 4,
           'ProcessingString': u'PU25ns_112X_upgrade2018_realistic_v3',
           'SplittingAlgo': 'LumiBased',
           'TaskName': 'Nano_2018PU'},
 'TaskChain': 3,
 'TimePerEvent': 10}
None
Only viewing request 11059.0
{'AcquisitionEra': 'CMSSW_11_2_0_pre6',
 'CMSSWVersion': 'CMSSW_11_2_0_pre6',
 'Campaign': 'CMSSW_11_2_0_pre6__Fullsim_PU_2018_set1-1601195488',
 'ConfigCacheUrl': 'https://cmsweb.cern.ch/couchdb',
 'DQMConfigCacheID': 1049,
 'DQMUploadUrl': 'https://cmsweb.cern.ch/dqm/relval',
 'DbsUrl': 'https://cmsweb.cern.ch/dbs/prod/global/DBSReader',
 'EnableHarvesting': 'True',
 'GlobalTag': u'112X_upgrade2018_realistic_v3',
 'Group': 'ppd',
 'Memory': 3000,
 'Multicore': 1,
 'PrepID': 'CMSSW_11_2_0_pre6__Fullsim_PU_2018_set1-1601195488-QCD_Pt_3000_3500_13',
 'ProcessingString': u'PU25ns_112X_upgrade2018_realistic_v3',
 'ProcessingVersion': 1,
 'RequestPriority': 500000,
 'RequestString': 'RVCMSSW_11_2_0_pre6QCD_Pt_3000_3500_13_PU25ns_',
 'RequestType': 'TaskChain',
 'Requestor': 'chayanit',
 'ScramArch': 'slc7_amd64_gcc820',
 'SizePerEvent': 1234,
 'SubRequestType': 'RelVal',
 'Task1': {'AcquisitionEra': 'CMSSW_11_2_0_pre6',
           'Campaign': 'CMSSW_11_2_0_pre6__Fullsim_PU_2018_set1-1601195488',
           'ConfigCacheID': 1051,
           'EventStreams': 0,
           'GlobalTag': u'112X_upgrade2018_realistic_v3',
           'InputDataset': '/RelValQCD_Pt_3000_3500_13/CMSSW_11_2_0_pre6-112X_upgrade2018_realistic_v3-v1/GEN-SIM',
           'KeepOutput': True,
           'LumisPerJob': 10,
           'MCPileup': u'/RelValMinBias_13/CMSSW_11_2_0_pre6-112X_upgrade2018_realistic_v3-v1/GEN-SIM',
           'Memory': 16000,
           'Multicore': 4,
           'ProcessingString': u'PU25ns_112X_upgrade2018_realistic_v3',
           'SplittingAlgo': 'LumiBased',
           'TaskName': 'DigiPU_2018PU'},
 'Task2': {'AcquisitionEra': 'CMSSW_11_2_0_pre6',
           'Campaign': 'CMSSW_11_2_0_pre6__Fullsim_PU_2018_set1-1601195488',
           'ConfigCacheID': 1052,
           'EventStreams': 0,
           'GlobalTag': u'112X_upgrade2018_realistic_v3',
           'InputFromOutputModule': u'FEVTDEBUGHLToutput',
           'InputTask': 'DigiPU_2018PU',
           'KeepOutput': True,
           'LumisPerJob': 10,
           'MCPileup': u'/RelValMinBias_13/CMSSW_11_2_0_pre6-112X_upgrade2018_realistic_v3-v1/GEN-SIM',
           'Memory': 16000,
           'Multicore': 4,
           'ProcessingString': u'PU25ns_112X_upgrade2018_realistic_v3',
           'SplittingAlgo': 'LumiBased',
           'TaskName': 'RecoPU_2018PU'},
 'Task3': {'AcquisitionEra': 'CMSSW_11_2_0_pre6',
           'Campaign': 'CMSSW_11_2_0_pre6__Fullsim_PU_2018_set1-1601195488',
           'ConfigCacheID': 1050,
           'EventStreams': 0,
           'GlobalTag': u'112X_upgrade2018_realistic_v3',
           'InputFromOutputModule': u'MINIAODSIMoutput',
           'InputTask': 'RecoPU_2018PU',
           'KeepOutput': True,
           'LumisPerJob': 10,
           'Memory': 16000,
           'Multicore': 4,
           'ProcessingString': u'PU25ns_112X_upgrade2018_realistic_v3',
           'SplittingAlgo': 'LumiBased',
           'TaskName': 'Nano_2018PU'},
 'TaskChain': 3,
 'TimePerEvent': 10}
None
Only viewing request 11124.0
{'AcquisitionEra': 'CMSSW_11_2_0_pre6',
 'CMSSWVersion': 'CMSSW_11_2_0_pre6',
 'Campaign': 'CMSSW_11_2_0_pre6__Fullsim_PU_2018_set1-1601195488',
 'ConfigCacheUrl': 'https://cmsweb.cern.ch/couchdb',
 'DQMConfigCacheID': 1053,
 'DQMUploadUrl': 'https://cmsweb.cern.ch/dqm/relval',
 'DbsUrl': 'https://cmsweb.cern.ch/dbs/prod/global/DBSReader',
 'EnableHarvesting': 'True',
 'GlobalTag': u'112X_upgrade2018_realistic_v3',
 'Group': 'ppd',
 'Memory': 3000,
 'Multicore': 1,
 'PrepID': 'CMSSW_11_2_0_pre6__Fullsim_PU_2018_set1-1601195488-QCD_Pt_1800_2400_13',
 'ProcessingString': u'PU25ns_112X_upgrade2018_realistic_v3',
 'ProcessingVersion': 1,
 'RequestPriority': 500000,
 'RequestString': 'RVCMSSW_11_2_0_pre6QCD_Pt_1800_2400_13_PU25ns_',
 'RequestType': 'TaskChain',
 'Requestor': 'chayanit',
 'ScramArch': 'slc7_amd64_gcc820',
 'SizePerEvent': 1234,
 'SubRequestType': 'RelVal',
 'Task1': {'AcquisitionEra': 'CMSSW_11_2_0_pre6',
           'Campaign': 'CMSSW_11_2_0_pre6__Fullsim_PU_2018_set1-1601195488',
           'ConfigCacheID': 1055,
           'EventStreams': 0,
           'GlobalTag': u'112X_upgrade2018_realistic_v3',
           'InputDataset': '/RelValQCD_Pt_1800_2400_13/CMSSW_11_2_0_pre6-112X_upgrade2018_realistic_v3-v1/GEN-SIM',
           'KeepOutput': True,
           'LumisPerJob': 10,
           'MCPileup': u'/RelValMinBias_13/CMSSW_11_2_0_pre6-112X_upgrade2018_realistic_v3-v1/GEN-SIM',
           'Memory': 16000,
           'Multicore': 4,
           'ProcessingString': u'PU25ns_112X_upgrade2018_realistic_v3',
           'SplittingAlgo': 'LumiBased',
           'TaskName': 'DigiPU_2018PU'},
 'Task2': {'AcquisitionEra': 'CMSSW_11_2_0_pre6',
           'Campaign': 'CMSSW_11_2_0_pre6__Fullsim_PU_2018_set1-1601195488',
           'ConfigCacheID': 1056,
           'EventStreams': 0,
           'GlobalTag': u'112X_upgrade2018_realistic_v3',
           'InputFromOutputModule': u'FEVTDEBUGHLToutput',
           'InputTask': 'DigiPU_2018PU',
           'KeepOutput': True,
           'LumisPerJob': 10,
           'MCPileup': u'/RelValMinBias_13/CMSSW_11_2_0_pre6-112X_upgrade2018_realistic_v3-v1/GEN-SIM',
           'Memory': 16000,
           'Multicore': 4,
           'ProcessingString': u'PU25ns_112X_upgrade2018_realistic_v3',
           'SplittingAlgo': 'LumiBased',
           'TaskName': 'RecoPU_2018PU'},
 'Task3': {'AcquisitionEra': 'CMSSW_11_2_0_pre6',
           'Campaign': 'CMSSW_11_2_0_pre6__Fullsim_PU_2018_set1-1601195488',
           'ConfigCacheID': 1054,
           'EventStreams': 0,
           'GlobalTag': u'112X_upgrade2018_realistic_v3',
           'InputFromOutputModule': u'MINIAODSIMoutput',
           'InputTask': 'RecoPU_2018PU',
           'KeepOutput': True,
           'LumisPerJob': 10,
           'Memory': 16000,
           'Multicore': 4,
           'ProcessingString': u'PU25ns_112X_upgrade2018_realistic_v3',
           'SplittingAlgo': 'LumiBased',
           'TaskName': 'Nano_2018PU'},
 'TaskChain': 3,
 'TimePerEvent': 10}
None
Only viewing request 11071.0
{'AcquisitionEra': 'CMSSW_11_2_0_pre6',
 'CMSSWVersion': 'CMSSW_11_2_0_pre6',
 'Campaign': 'CMSSW_11_2_0_pre6__Fullsim_PU_2018_set1-1601195488',
 'ConfigCacheUrl': 'https://cmsweb.cern.ch/couchdb',
 'DQMConfigCacheID': 1057,
 'DQMUploadUrl': 'https://cmsweb.cern.ch/dqm/relval',
 'DbsUrl': 'https://cmsweb.cern.ch/dbs/prod/global/DBSReader',
 'EnableHarvesting': 'True',
 'GlobalTag': u'112X_upgrade2018_realistic_v3',
 'Group': 'ppd',
 'Memory': 3000,
 'Multicore': 1,
 'PrepID': 'CMSSW_11_2_0_pre6__Fullsim_PU_2018_set1-1601195488-QCD_FlatPt_15_3000HS_13',
 'ProcessingString': u'PU25ns_112X_upgrade2018_realistic_v3',
 'ProcessingVersion': 1,
 'RequestPriority': 500000,
 'RequestString': 'RVCMSSW_11_2_0_pre6QCD_FlatPt_15_3000HS_13_PU25ns_',
 'RequestType': 'TaskChain',
 'Requestor': 'chayanit',
 'ScramArch': 'slc7_amd64_gcc820',
 'SizePerEvent': 1234,
 'SubRequestType': 'RelVal',
 'Task1': {'AcquisitionEra': 'CMSSW_11_2_0_pre6',
           'Campaign': 'CMSSW_11_2_0_pre6__Fullsim_PU_2018_set1-1601195488',
           'ConfigCacheID': 1059,
           'EventStreams': 0,
           'GlobalTag': u'112X_upgrade2018_realistic_v3',
           'InputDataset': '/RelValQCD_FlatPt_15_3000HS_13/CMSSW_11_2_0_pre6-112X_upgrade2018_realistic_v3-v1/GEN-SIM',
           'KeepOutput': True,
           'LumisPerJob': 10,
           'MCPileup': u'/RelValMinBias_13/CMSSW_11_2_0_pre6-112X_upgrade2018_realistic_v3-v1/GEN-SIM',
           'Memory': 16000,
           'Multicore': 4,
           'ProcessingString': u'PU25ns_112X_upgrade2018_realistic_v3',
           'SplittingAlgo': 'LumiBased',
           'TaskName': 'DigiPU_2018PU'},
 'Task2': {'AcquisitionEra': 'CMSSW_11_2_0_pre6',
           'Campaign': 'CMSSW_11_2_0_pre6__Fullsim_PU_2018_set1-1601195488',
           'ConfigCacheID': 1060,
           'EventStreams': 0,
           'GlobalTag': u'112X_upgrade2018_realistic_v3',
           'InputFromOutputModule': u'FEVTDEBUGHLToutput',
           'InputTask': 'DigiPU_2018PU',
           'KeepOutput': True,
           'LumisPerJob': 10,
           'MCPileup': u'/RelValMinBias_13/CMSSW_11_2_0_pre6-112X_upgrade2018_realistic_v3-v1/GEN-SIM',
           'Memory': 16000,
           'Multicore': 4,
           'ProcessingString': u'PU25ns_112X_upgrade2018_realistic_v3',
           'SplittingAlgo': 'LumiBased',
           'TaskName': 'RecoPU_2018PU'},
 'Task3': {'AcquisitionEra': 'CMSSW_11_2_0_pre6',
           'Campaign': 'CMSSW_11_2_0_pre6__Fullsim_PU_2018_set1-1601195488',
           'ConfigCacheID': 1058,
           'EventStreams': 0,
           'GlobalTag': u'112X_upgrade2018_realistic_v3',
           'InputFromOutputModule': u'MINIAODSIMoutput',
           'InputTask': 'RecoPU_2018PU',
           'KeepOutput': True,
           'LumisPerJob': 10,
           'Memory': 16000,
           'Multicore': 4,
           'ProcessingString': u'PU25ns_112X_upgrade2018_realistic_v3',
           'SplittingAlgo': 'LumiBased',
           'TaskName': 'Nano_2018PU'},
 'TaskChain': 3,
 'TimePerEvent': 10}
None
